<?xml version="1.0" encoding="UTF-8"?>

<mule xmlns="http://www.mulesoft.org/schema/mule/core"
	xmlns:doc="http://www.mulesoft.org/schema/mule/documentation"
	xmlns:xsi="http://www.w3.org/2001/XMLSchema-instance"
	xsi:schemaLocation="http://www.mulesoft.org/schema/mule/core http://www.mulesoft.org/schema/mule/core/current/mule.xsd">

	<object doc:name="Object"
			name="_muleFlowNotificationListener"
			class="com.avioconsulting.mule.opentelemetry.internal.listeners.MulePipelineMessageNotificationListener" />
	<object doc:name="Object"
		name="_muleMessageProcessorNotificationListener"
		class="com.avioconsulting.mule.opentelemetry.internal.listeners.MuleMessageProcessorNotificationListener" />

	<notifications>
		<notification event="PIPELINE-MESSAGE" />
		<notification event="MESSAGE-PROCESSOR" />
		<notification-listener
			ref="_muleMessageProcessorNotificationListener" />
		<notification-listener
				ref="_muleFlowNotificationListener" />
	</notifications>

</mule>
